# JRE version: Java(TM) SE Runtime Environment 18.9 (11.0.15+8) (build 11.0.15+8-LTS-149)
# Java VM: Java HotSpot(TM) 64-Bit Server VM 18.9 (11.0.15+8-LTS-149, mixed mode, tiered, compressed oops, g1 gc, windows-amd64)
Heap:
 garbage-first heap   total 496640K, used 359808K [0x0000000080000000, 0x0000000100000000)
  region size 1024K, 25 young (25600K), 4 survivors (4096K)
 Metaspace       used 140795K, capacity 145600K, committed 145880K, reserved 643072K
  class space    used 18275K, capacity 20139K, committed 20224K, reserved 516096K
GC Heap History (10 events):
Event: 96.683 GC heap before
{Heap before GC invocations=102 (full 0):
 garbage-first heap   total 429056K, used 344064K [0x0000000080000000, 0x0000000100000000)
  region size 1024K, 45 young (46080K), 7 survivors (7168K)
 Metaspace       used 138448K, capacity 142992K, committed 143192K, reserved 641024K
  class space    used 17990K, capacity 19715K, committed 19840K, reserved 516096K
}
Event: 96.701 GC heap after
{Heap after GC invocations=103 (full 0):
 garbage-first heap   total 429056K, used 311655K [0x0000000080000000, 0x0000000100000000)
  region size 1024K, 5 young (5120K), 5 survivors (5120K)
 Metaspace       used 138448K, capacity 142992K, committed 143192K, reserved 641024K
  class space    used 17990K, capacity 19715K, committed 19840K, reserved 516096K
}
Event: 97.748 GC heap before
{Heap before GC invocations=103 (full 0):
 garbage-first heap   total 429056K, used 348519K [0x0000000080000000, 0x0000000100000000)
  region size 1024K, 42 young (43008K), 5 survivors (5120K)
 Metaspace       used 139416K, capacity 144177K, committed 144344K, reserved 641024K
  class space    used 18134K, capacity 19947K, committed 19968K, reserved 516096K
}
Event: 97.761 GC heap after
{Heap after GC invocations=104 (full 0):
 garbage-first heap   total 429056K, used 315836K [0x0000000080000000, 0x0000000100000000)
  region size 1024K, 4 young (4096K), 4 survivors (4096K)
 Metaspace       used 139416K, capacity 144177K, committed 144344K, reserved 641024K
  class space    used 18134K, capacity 19947K, committed 19968K, reserved 516096K
}
Event: 98.715 GC heap before
{Heap before GC invocations=104 (full 0):
 garbage-first heap   total 429056K, used 354748K [0x0000000080000000, 0x0000000100000000)
  region size 1024K, 42 young (43008K), 4 survivors (4096K)
 Metaspace       used 140185K, capacity 144984K, committed 145240K, reserved 643072K
  class space    used 18227K, capacity 20075K, committed 20096K, reserved 516096K
}
Event: 98.726 GC heap after
{Heap after GC invocations=105 (full 0):
 garbage-first heap   total 429056K, used 319163K [0x0000000080000000, 0x0000000100000000)
  region size 1024K, 5 young (5120K), 5 survivors (5120K)
 Metaspace       used 140185K, capacity 144984K, committed 145240K, reserved 643072K
  class space    used 18227K, capacity 20075K, committed 20096K, reserved 516096K
}
Event: 100.401 GC heap before
{Heap before GC invocations=105 (full 0):
 garbage-first heap   total 429056K, used 364219K [0x0000000080000000, 0x0000000100000000)
  region size 1024K, 43 young (44032K), 5 survivors (5120K)
 Metaspace       used 140318K, capacity 145126K, committed 145240K, reserved 643072K
  class space    used 18230K, capacity 20075K, committed 20096K, reserved 516096K
}
Event: 100.435 GC heap after
{Heap after GC invocations=106 (full 0):
 garbage-first heap   total 429056K, used 329782K [0x0000000080000000, 0x0000000100000000)
  region size 1024K, 5 young (5120K), 5 survivors (5120K)
 Metaspace       used 140318K, capacity 145126K, committed 145240K, reserved 643072K
  class space    used 18230K, capacity 20075K, committed 20096K, reserved 516096K
}
Event: 102.091 GC heap before
{Heap before GC invocations=106 (full 0):
 garbage-first heap   total 429056K, used 367670K [0x0000000080000000, 0x0000000100000000)
  region size 1024K, 39 young (39936K), 5 survivors (5120K)
 Metaspace       used 140555K, capacity 145354K, committed 145624K, reserved 643072K
  class space    used 18258K, capacity 20102K, committed 20224K, reserved 516096K
}
Event: 102.113 GC heap after
{Heap after GC invocations=107 (full 0):
 garbage-first heap   total 496640K, used 336256K [0x0000000080000000, 0x0000000100000000)
  region size 1024K, 4 young (4096K), 4 survivors (4096K)
 Metaspace       used 140555K, capacity 145354K, committed 145624K, reserved 643072K
  class space    used 18258K, capacity 20102K, committed 20224K, reserved 516096K
}

